<?xml version="1.0" encoding="UTF-8"?>
<testsuite xmlns:xsi="http://www.w3.org/2001/XMLSchema-instance" xsi:noNamespaceSchemaLocation="https://maven.apache.org/surefire/maven-surefire-plugin/xsd/surefire-test-report-3.0.xsd" version="3.0" name="com.wds.ship.ShipApplicationTests" time="5.775" tests="1" errors="0" skipped="0" failures="0">
  <properties>
[...]
</properties>
  <testcase name="contextLoads" classname="com.wds.ship.ShipApplicationTests" time="1.854">
    <system-out><![CDATA[13:10:53.577 [main] INFO org.springframework.test.context.support.AnnotationConfigContextLoaderUtils -- Could not detect default configuration classes for test class [com.wds.ship.ShipApplicationTests]: ShipApplicationTests does not declare any static, non-private, non-final, nested classes annotated with @Configuration.
13:10:53.748 [main] INFO org.springframework.boot.test.context.SpringBootTestContextBootstrapper -- Found @SpringBootConfiguration com.wds.ship.ShippingApplication for test class com.wds.ship.ShipApplicationTests

  .   ____          _            __ _ _
 /\\ / ___'_ __ _ _(_)_ __  __ _ \ \ \ \
( ( )\___ | '_ | '_| | '_ \/ _` | \ \ \ \
 \\/  ___)| |_)| | | | | || (_| |  ) ) ) )
  '  |____| .__|_| |_|_| |_\__, | / / / /
 =========|_|==============|___/=/_/_/_/
 :: Spring Boot ::                (v3.1.4)

2023-12-28T13:10:54.382+05:30  INFO 13228 --- [           main] com.wds.ship.ShipApplicationTests        : Starting ShipApplicationTests using Java 17.0.7 with PID 13228 (started by WDS in D:\gk\gk_parent\OOT1\OOT\java\shipping-dashboard\shippingdashboard-facade)
2023-12-28T13:10:54.384+05:30  INFO 13228 --- [           main] com.wds.ship.ShipApplicationTests        : The following 1 profile is active: "dev"
2023-12-28T13:10:57.054+05:30  INFO 13228 --- [           main] o.s.b.a.e.web.EndpointLinksResolver      : Exposing 13 endpoint(s) beneath base path '/actuator'
2023-12-28T13:10:57.135+05:30  INFO 13228 --- [           main] com.wds.ship.ShipApplicationTests        : Started ShipApplicationTests in 3.147 seconds (process running for 4.293)
]]></system-out>
  </testcase>
</testsuite>